<?xml version='1.0' encoding='UTF-8'?>
<hotspot_log version='160 1' process='5280' time_ms='1253525511996'>
<vm_version>
<name>
Java HotSpot(TM) Client VM
</name>
<release>
17.0-b01-fastdebug
</release>
<info>
Java HotSpot(TM) Client VM (17.0-b01-fastdebug) for windows-x86 JRE (1.7.0-ea-fastdebug-b72), built on Sep 17 2009 02:21:25 by &quot;java_re&quot; with MS VC++ 7.1 (VS2003)
</info>
</vm_version>
<vm_arguments>
<command>
com.nci.ums.jmx.desktop.DesktopConsole
</command>
<launcher>
SUN_STANDARD
</launcher>
<properties>
java.vm.specification.version=1.0
java.vm.specification.name=Java Virtual Machine Specification
java.vm.specification.vendor=Sun Microsystems Inc.
java.vm.version=17.0-b01-fastdebug
java.vm.name=Java HotSpot(TM) Client VM
java.vm.vendor=Sun Microsystems Inc.
java.vm.info=mixed mode, sharing
java.ext.dirs=D:\bin\WindowsBin\java\jdk1.7.0\fastdebug\jre\lib\ext;C:\WINDOWS\Sun\Java\lib\ext
java.endorsed.dirs=D:\bin\WindowsBin\java\jdk1.7.0\fastdebug\jre\lib\endorsed
sun.boot.library.path=D:\bin\WindowsBin\java\jdk1.7.0\fastdebug\jre\bin
java.library.path=D:\bin\WindowsBin\java\jdk1.7.0\fastdebug\bin;.;C:\WINDOWS\Sun\Java\bin;C:\WINDOWS\system32;C:\WINDOWS;D:\bin\WindowsBin\NetBeans 6.5.1\java2\ant\bin;D:\bin\WindowsBin\OphoneSDK\tools;D:\bin\WindowsBin\java\jdk1.6.0_16\bin;C:\oracle\ora92\bin;C:\Program Files\Oracle\jre\1.3.1\bin;C:\Program Files\Oracle\jre\1.1.8\bin;C:\WINDOWS\system32;C:\WINDOWS;C:\WINDOWS\System32\Wbem;C:\Program Files\Common Files\Thunder Network\KanKan\Codecs;C:\PROGRA~1\IBM\SQLLIB\BIN;C:\PROGRA~1\IBM\SQLLIB\FUNCTION;C:\PROGRA~1\IBM\SQLLIB\SAMPLES\REPL;D:\bin\WindowsBin\QuickLuncher;D:\bin\WindowsBin\eclipse 3.4.2\plugins\com.google.gwt.eclipse.sdkbundle.win32_1.7.0.v200907131030\gwt-windows-1.7.0;D:\bin\CommonBin\glassfish\bin
java.home=D:\bin\WindowsBin\java\jdk1.7.0\fastdebug\jre
Java HotSpot(TM) Client VM warning: increase O_BUFLEN in ostream.hpp -- output truncated
java.class.path=D:\Documents\work\UMS4_develop\5codebase\01code\ums4server\lib\activemq-all-5.2.0.jar;D:\Documents\work\UMS4_develop\5codebase\01code\ums4server\lib\backport-util-concurrent-2.1.jar;D:\Documents\work\UMS4_develop\5codebase\01code\ums4server\lib\cmpp.jar;D:\Documents\work\UMS4_develop\5codebase\01code\ums4server\lib\com.jar;D:\Documents\work\UMS4_develop\5codebase\01code\ums4server\lib\commons-collections.jar;D:\Documents\work\UMS4_develop\5codebase\01code\ums4server\lib\commons-dbcp.jar;D:\Documents\work\UMS4_develop\5codebase\01code\ums4server\lib\commons-pool.jar;D:\Documents\work\UMS4_develop\5codebase\01code\ums4server\lib\imap.jar;D:\Documents\work\UMS4_develop\5codebase\01code\ums4server\lib\jakarta-regexp-1.2.jar;D:\Documents\work\UMS4_develop\5codebase\01code\ums4server\lib\jcommon-1.0.5.jar;D:\Documents\work\UMS4_develop\5codebase\01code\ums4server\lib\jdbc2_0-stdext.jar;D:\Documents\work\UMS4_develop\5codebase\01code\ums4server\lib\jdom.jar;D:\Documents\work\UMS4_develop\5codebase\01code\ums4server\lib\jfreechart-1.0.2.jar;D:\Documents\work\UMS4_develop\5codebase\01code\ums4server\lib\jgoodies_looks.jar;D:\Documents\work\UMS4_develop\5codebase\01code\ums4server\lib\jta-spec1_0_1.jar;D:\Documents\work\UMS4_develop\5codebase\01code\ums4server\lib\jta.jar;D:\Documents\work\UMS4_develop\5codebase\01code\ums4server\lib\mm7api.jar;D:\Documents\work\UMS4_develop\5codebase\01code\ums4server\lib\msbase.jar;D:\Documents\work\UMS4_develop\5codebase\01code\ums4server\lib\mssqlserver.jar;D:\Documents\work\UMS4_develop\5codebase\01code\ums4server\lib\msutil.jar;D:\Documents\work\UMS4_develop\5codebase\01code\ums4server\lib\mysql-connector-java-5.1.6-bin.jar;D:\Documents\work\UMS4_develop\5codebase\01code\ums4server\lib\ojdbc14.jar;D:\Documents\work\UMS4_develop\5codebase\01code\ums4server\lib\servlet-api.jar;D:\Documents\work\UMS4_develop\5codebase\01code\ums4server\lib\smentry.jar;D:\Documents\work\UMS4_develop\5codebase\01code\ums4server\lib\smproxy.
sun.boot.class.path=D:\bin\WindowsBin\java\jdk1.7.0\fastdebug\jre\lib\resources.jar;D:\bin\WindowsBin\java\jdk1.7.0\fastdebug\jre\lib\rt.jar;D:\bin\WindowsBin\java\jdk1.7.0\fastdebug\jre\lib\sunrsasign.jar;D:\bin\WindowsBin\java\jdk1.7.0\fastdebug\jre\lib\jsse.jar;D:\bin\WindowsBin\java\jdk1.7.0\fastdebug\jre\lib\jce.jar;D:\bin\WindowsBin\java\jdk1.7.0\fastdebug\jre\lib\charsets.jar;D:\bin\WindowsBin\java\jdk1.7.0\fastdebug\jre\classes
sun.java.launcher=SUN_STANDARD
</properties>
</vm_arguments>
<tty>
<writer thread='5736'/>
<dependency_failed type='leaf_type' ctxk='java/util/jar/JarFile' witness='sun/net/www/protocol/jar/URLJarFile' stamp='1.533'/>
<dependency_failed type='unique_concrete_method' x='java/util/jar/JarFile getEntry (Ljava/lang/String;)Ljava/util/zip/ZipEntry;' witness='sun/net/www/protocol/jar/URLJarFile' stamp='1.533'/>
<dependency_failed type='unique_concrete_method' ctxk='java/lang/Exception' x='java/lang/Throwable getMessage ()Ljava/lang/String;' witness='org/apache/log4j/config/PropertySetterException' stamp='2.664'/>
<dependency_failed type='unique_concrete_method' x='java/nio/charset/CharsetEncoder implOnMalformedInput (Ljava/nio/charset/CodingErrorAction;)V' witness='sun/awt/AWTCharset$Encoder' stamp='3.384'/>
<dependency_failed type='unique_concrete_method' x='java/nio/charset/CharsetEncoder implOnUnmappableCharacter (Ljava/nio/charset/CodingErrorAction;)V' witness='sun/awt/AWTCharset$Encoder' stamp='3.384'/>
<dependency_failed type='unique_concrete_method' x='java/nio/charset/CharsetEncoder implOnMalformedInput (Ljava/nio/charset/CodingErrorAction;)V' witness='sun/awt/AWTCharset$Encoder' stamp='3.384'/>
<dependency_failed type='unique_concrete_method' x='java/nio/charset/CharsetEncoder implOnUnmappableCharacter (Ljava/nio/charset/CodingErrorAction;)V' witness='sun/awt/AWTCharset$Encoder' stamp='3.384'/>
<dependency_failed type='unique_concrete_method' x='java/nio/charset/CharsetEncoder implReset ()V' witness='sun/awt/AWTCharset$Encoder' stamp='3.384'/>
<dependency_failed type='unique_concrete_method' x='java/nio/charset/CharsetEncoder implFlush (Ljava/nio/ByteBuffer;)Ljava/nio/charset/CoderResult;' witness='sun/awt/AWTCharset$Encoder' stamp='3.384'/>
<dependency_failed type='unique_concrete_method' x='java/nio/charset/CharsetEncoder implReset ()V' witness='sun/awt/AWTCharset$Encoder' stamp='3.384'/>
<dependency_failed type='unique_concrete_method' ctxk='java/awt/image/ImageConsumer' x='sun/awt/image/ImageRepresentation setDimensions (II)V' witness='java/awt/image/ImageConsumer' stamp='4.425'/>
<dependency_failed type='unique_concrete_method' ctxk='java/awt/image/ImageConsumer' x='sun/awt/image/ImageRepresentation setColorModel (Ljava/awt/image/ColorModel;)V' witness='java/awt/image/ImageConsumer' stamp='4.425'/>
<dependency_failed type='unique_concrete_method' ctxk='java/awt/image/ImageConsumer' x='sun/awt/image/ImageRepresentation setHints (I)V' witness='java/awt/image/ImageConsumer' stamp='4.425'/>
<dependency_failed type='leaf_type' ctxk='java/util/ArrayList' witness='javax/management/AttributeList' stamp='5.926'/>
C1 Runtime statistics:
 _resolve_invoke_virtual_cnt:     315
 _resolve_invoke_opt_virtual_cnt: 520
 _resolve_invoke_static_cnt:      120
 _handle_wrong_method_cnt:        1
 _ic_miss_cnt:                    143
 _generic_arraycopy_cnt:          308
 _primitive_arraycopy_cnt:        195937
 _oop_arraycopy_cnt:              0
 _arraycopy_slowcase_cnt:         300
 _new_type_array_slowcase_cnt:    134
 _new_object_array_slowcase_cnt:  1
 _new_instance_slowcase_cnt:      55
 _new_multi_array_slowcase_cnt:   0
 _monitorenter_slowcase_cnt:      7601
 _monitorexit_slowcase_cnt:       7607
 _patch_code_slowcase_cnt:        3
 _throw_range_check_exception_count:            0:
 _throw_index_exception_count:                  0:
 _throw_div0_exception_count:                   0:
 _throw_null_pointer_exception_count:           0:
 _throw_class_cast_exception_count:             0:
 _throw_incompatible_class_change_error_count:  0:
 _throw_array_store_exception_count:            0:
 _throw_count:                                  0:

<statistics type='nmethod'>
Statistics for 31 native nmethods:
 N. total size  = 19248
 N. relocation  = 1792
 N. main code   = 11544
Statistics for 647 bytecoded nmethods:
 total in heap  = 1407208
 relocation     = 93524
 main code      = 431472
 stub code      = 58162
 constants      = 558
 scopes data    = 250376
 scopes pcs     = 375696
 dependencies   = 3532
 handler table  = 46992
 nul chk table  = 17804
 oops           = 9088
Debug Data Chunks: 44789, shared 5649+10608, non-SP&apos;s elided 736
PcDesc Statistics:  5845 queries, 10.91 comparisons per query
  caches=647 queries=5845/0, hits=0+2092, tests=25156+38584, adds=3753
</statistics>
<tty_done stamp='79.609'/>
</tty>
<hotspot_log_done stamp='79.609'/>
</hotspot_log>
