#
# An unexpected error has been detected by Java Runtime Environment:
#
#  EXCEPTION_PRIV_INSTRUCTION (0xc0000096) at pc=0x030a3093, pid=3708, tid=3208
#
# Java VM: Java HotSpot(TM) Client VM (1.6.0-b105 mixed mode, sharing)
# Problematic frame:
# C  0x030a3093
#
# If you would like to submit a bug report, please visit:
#   http://java.sun.com/webapps/bugreport/crash.jsp
#

---------------  T H R E A D  ---------------

Current thread (0x02acc400):  JavaThread "AWT-Windows" daemon [_thread_in_native, id=3208]

siginfo: ExceptionCode=0xc0000096

Registers:
EAX=0x00000000, EBX=0x02f0ec00, ECX=0x02f0eb68, EDX=0x02f0eb84
ESP=0x02f0eaf0, EBP=0x02f0eb28, ESI=0x02f0eb38, EDI=0x00000000
EIP=0x030a3093, EFLAGS=0x00010286

Top of Stack: (sp=0x02f0eaf0)
0x02f0eaf0:   7e458f50 920107ae 00000016 00000001
0x02f0eb00:   00000000 00000000 02f0eb84 00000004
0x02f0eb10:   00000000 00000e7c 02f0ec00 00000000
0x02f0eb20:   00000000 00000000 02f0eba0 7c90eae3
0x02f0eb30:   02f0eb38 00000058 00000058 0000000c
0x02f0eb40:   00000001 f780ae4c 00000048 00000000
0x02f0eb50:   000a0008 02f0eb84 920107ae 00000016
0x02f0eb60:   00000001 00000000 000000eb 00000000 

Instructions: (pc=0x030a3093)
0x030a3083:   75 00 20 00 61 00 64 00 64 00 69 00 74 00 69 00
0x030a3093:   6f 00 6e 00 61 00 6c 00 20 00 72 00 69 00 67 00 


Stack: [0x02ec0000,0x02f10000),  sp=0x02f0eaf0,  free space=314k
Native frames: (J=compiled Java code, j=interpreted, Vv=VM code, C=native code)
C  0x030a3093
C  [ntdll.dll+0xeae3]
C  [Cjktl32.dll+0x4e35]
C  [USER32.dll+0x3f200]
C  [USER32.dll+0xb50c]
C  [ntdll.dll+0xeae3]
C  [USER32.dll+0x1f3cc]
C  [Cjktl32.dll+0x18b1]
C  [USER32.dll+0xf7f6]

Java frames: (J=compiled Java code, j=interpreted, Vv=VM code)
j  sun.awt.windows.WToolkit.eventLoop()V+0
j  sun.awt.windows.WToolkit.run()V+69
j  java.lang.Thread.run()V+11
v  ~StubRoutines::call_stub

---------------  P R O C E S S  ---------------

Java Threads: ( => current thread )
  0x002e6000 JavaThread "DestroyJavaVM" [_thread_blocked, id=2484]
  0x02acd400 JavaThread "AWT-EventQueue-0" [_thread_blocked, id=3168]
=>0x02acc400 JavaThread "AWT-Windows" daemon [_thread_in_native, id=3208]
  0x02aa3000 JavaThread "AWT-Shutdown" [_thread_blocked, id=3196]
  0x02aa2400 JavaThread "Java2D Disposer" daemon [_thread_blocked, id=3176]
  0x02a86c00 JavaThread "Low Memory Detector" daemon [_thread_blocked, id=3128]
  0x02a81c00 JavaThread "CompilerThread0" daemon [_thread_blocked, id=2452]
  0x02a80c00 JavaThread "Attach Listener" daemon [_thread_blocked, id=3116]
  0x02a9dc00 JavaThread "Signal Dispatcher" daemon [_thread_blocked, id=3108]
  0x02a41400 JavaThread "Finalizer" daemon [_thread_blocked, id=3104]
  0x02a3d000 JavaThread "Reference Handler" daemon [_thread_blocked, id=3092]

Other Threads:
  0x02a33c00 VMThread [id=3296]
  0x02a88000 WatcherThread [id=3048]

VM state:not at safepoint (normal execution)

VM Mutex/Monitor currently owned by a thread: None

Heap
 def new generation   total 960K, used 698K [0x22950000, 0x22a50000, 0x22e30000)
  eden space 896K,  77% used [0x22950000, 0x229fdfd8, 0x22a30000)
  from space 64K,   3% used [0x22a40000, 0x22a40950, 0x22a50000)
  to   space 64K,   0% used [0x22a30000, 0x22a30000, 0x22a40000)
 tenured generation   total 4096K, used 512K [0x22e30000, 0x23230000, 0x26950000)
   the space 4096K,  12% used [0x22e30000, 0x22eb03c0, 0x22eb0400, 0x23230000)
 compacting perm gen  total 12288K, used 656K [0x26950000, 0x27550000, 0x2a950000)
   the space 12288K,   5% used [0x26950000, 0x269f4098, 0x269f4200, 0x27550000)
    ro space 8192K,  66% used [0x2a950000, 0x2ae99920, 0x2ae99a00, 0x2b150000)
    rw space 12288K,  52% used [0x2b150000, 0x2b796130, 0x2b796200, 0x2bd50000)

Dynamic libraries:
0x00400000 - 0x00423000 	C:\jdk\jre\bin\java.exe
0x7c900000 - 0x7c9b0000 	C:\WINDOWS\system32\ntdll.dll
0x7c800000 - 0x7c8f5000 	C:\WINDOWS\system32\kernel32.dll
0x77dd0000 - 0x77e6b000 	C:\WINDOWS\system32\ADVAPI32.dll
0x77e70000 - 0x77f01000 	C:\WINDOWS\system32\RPCRT4.dll
0x7c340000 - 0x7c396000 	C:\jdk\jre\bin\msvcr71.dll
0x6d7c0000 - 0x6da07000 	C:\jdk\jre\bin\client\jvm.dll
0x7e410000 - 0x7e4a0000 	C:\WINDOWS\system32\USER32.dll
0x77f10000 - 0x77f57000 	C:\WINDOWS\system32\GDI32.dll
0x76b40000 - 0x76b6d000 	C:\WINDOWS\system32\WINMM.dll
0x76390000 - 0x763ad000 	C:\WINDOWS\system32\IMM32.DLL
0x629c0000 - 0x629c9000 	C:\WINDOWS\system32\LPK.DLL
0x74d90000 - 0x74dfb000 	C:\WINDOWS\system32\USP10.dll
0x77c10000 - 0x77c68000 	C:\WINDOWS\system32\msvcrt.dll
0x6d310000 - 0x6d318000 	C:\jdk\jre\bin\hpi.dll
0x76bf0000 - 0x76bfb000 	C:\WINDOWS\system32\PSAPI.DLL
0x6d770000 - 0x6d77c000 	C:\jdk\jre\bin\verify.dll
0x6d3b0000 - 0x6d3cf000 	C:\jdk\jre\bin\java.dll
0x6d7b0000 - 0x6d7bf000 	C:\jdk\jre\bin\zip.dll
0x6d000000 - 0x6d1c3000 	C:\jdk\jre\bin\awt.dll
0x73000000 - 0x73026000 	C:\WINDOWS\system32\WINSPOOL.DRV
0x774e0000 - 0x7761d000 	C:\WINDOWS\system32\ole32.dll
0x5ad70000 - 0x5ada8000 	C:\WINDOWS\system32\uxtheme.dll
0x73760000 - 0x737a9000 	C:\WINDOWS\system32\ddraw.dll
0x73bc0000 - 0x73bc6000 	C:\WINDOWS\system32\DCIMAN32.dll
0x74720000 - 0x7476b000 	C:\WINDOWS\system32\MSCTF.dll
0x37f00000 - 0x37f0f000 	C:\Program Files\Kingsoft\Powerword 2003\Cjktl32.dll
0x755c0000 - 0x755ee000 	C:\WINDOWS\system32\msctfime.ime
0x6d2b0000 - 0x6d303000 	C:\jdk\jre\bin\fontmanager.dll
0x7c9c0000 - 0x7d1d5000 	C:\WINDOWS\system32\shell32.dll
0x77f60000 - 0x77fd6000 	C:\WINDOWS\system32\SHLWAPI.dll
0x773d0000 - 0x774d3000 	C:\WINDOWS\WinSxS\x86_Microsoft.Windows.Common-Controls_6595b64144ccf1df_6.0.2600.2982_x-ww_ac3f9c03\comctl32.dll
0x5d090000 - 0x5d12a000 	C:\WINDOWS\system32\comctl32.dll
0x6d570000 - 0x6d583000 	C:\jdk\jre\bin\net.dll
0x71ab0000 - 0x71ac7000 	C:\WINDOWS\system32\WS2_32.dll
0x71aa0000 - 0x71aa8000 	C:\WINDOWS\system32\WS2HELP.dll
0x6d590000 - 0x6d599000 	C:\jdk\jre\bin\nio.dll

VM Arguments:
java_command: dyno.swing.beans.demo.DateFrame ${application.args}
Launcher Type: SUN_STANDARD

Environment Variables:
CLASSPATH=.;C:\Program Files\Java\jre1.6.0_01\lib\ext\QTJava.zip
PATH=C:\PROGRA~1\MKSTOO~1\bin;C:\PROGRA~1\MKSTOO~1\bin\X11;C:\PROGRA~1\MKSTOO~1\mksnt;c:\jdk5\bin;c:\ant\bin;C:\WINDOWS\system32;C:\WINDOWS;C:\WINDOWS\System32\Wbem;c:\jdk6\bin;C:\Subversion\bin;C:\Program Files\QuickTime\QTSystem\;C:\cygwin\bin
USERNAME=William Chen
SHELL=C:/PROGRA~1/MKSTOO~1/mksnt/sh.exe
DISPLAY=:0.0
OS=Windows_NT
PROCESSOR_IDENTIFIER=x86 Family 15 Model 3 Stepping 4, GenuineIntel



---------------  S Y S T E M  ---------------

OS: Windows XP Build 2600 Service Pack 2

CPU:total 1 family 15, cmov, cx8, fxsr, mmx, sse, sse2, ht

Memory: 4k page, physical 1038408k(197080k free), swap 2503516k(1788364k free)

vm_info: Java HotSpot(TM) Client VM (1.6.0-b105) for windows-x86, built on Nov 29 2006 00:48:48 by "java_re" with unknown MS VC++:1310

